#
# There is insufficient memory for the Java Runtime Environment to continue.
# Native memory allocation (malloc) failed to allocate 1202576 bytes for Chunk::new
# Possible reasons:
#   The system is out of physical RAM or swap space
#   In 32 bit mode, the process size limit was hit
# Possible solutions:
#   Reduce memory load on the system
#   Increase physical memory or swap space
#   Check if swap backing store is full
#   Use 64 bit Java on a 64 bit OS
#   Decrease Java heap size (-Xmx/-Xms)
#   Decrease number of Java threads
#   Decrease Java thread stack sizes (-Xss)
#   Set larger code cache with -XX:ReservedCodeCacheSize=
# This output file may be truncated or incomplete.
#
#  Out of Memory Error (allocation.cpp:390), pid=12116, tid=0x000000000001f870
#
# JRE version: OpenJDK Runtime Environment (8.0_112-b06) (build 1.8.0_112-release-b06)
# Java VM: OpenJDK 64-Bit Server VM (25.112-b06 mixed mode windows-amd64 compressed oops)
# Failed to write core dump. Minidumps are not enabled by default on client versions of Windows
#

---------------  T H R E A D  ---------------

Current thread (0x000000001692f800):  JavaThread "C2 CompilerThread1" daemon [_thread_in_native, id=129136, stack(0x0000000018080000,0x0000000018180000)]

Stack: [0x0000000018080000,0x0000000018180000]
[error occurred during error reporting (printing stack bounds), id 0xc0000005]

Native frames: (J=compiled Java code, j=interpreted, Vv=VM code, C=native code)


Current CompileTask:
C2: 215312 14550       4       com.android.dx.cf.code.Simulator$SimVisitor::visitConstant (332 bytes)


---------------  P R O C E S S  ---------------

Java Threads: ( => current thread )
  0x0000000018335800 JavaThread "pool-69-thread-4" [_thread_blocked, id=133780, stack(0x000000002b3b0000,0x000000002b4b0000)]
  0x0000000018328800 JavaThread "pool-69-thread-3" [_thread_in_Java, id=39700, stack(0x000000002b2b0000,0x000000002b3b0000)]
  0x000000001832f800 JavaThread "pool-69-thread-2" [_thread_in_Java, id=126920, stack(0x000000002b1b0000,0x000000002b2b0000)]
  0x0000000018328000 JavaThread "pool-70-thread-1" [_thread_blocked, id=82472, stack(0x000000002b0b0000,0x000000002b1b0000)]
  0x000000001832e800 JavaThread "pool-69-thread-1" [_thread_in_Java, id=121224, stack(0x000000002afb0000,0x000000002b0b0000)]
  0x000000001832e000 JavaThread "pool-66-thread-4" [_thread_in_vm, id=142636, stack(0x000000002aeb0000,0x000000002afb0000)]
  0x000000001832b800 JavaThread "pool-66-thread-3" [_thread_blocked, id=99012, stack(0x000000002adb0000,0x000000002aeb0000)]
  0x000000001832c800 JavaThread "pool-66-thread-2" [_thread_in_Java, id=92868, stack(0x000000002acb0000,0x000000002adb0000)]
  0x000000001832b000 JavaThread "pool-67-thread-1" [_thread_blocked, id=138180, stack(0x000000002abb0000,0x000000002acb0000)]
  0x000000001832a000 JavaThread "pool-66-thread-1" [_thread_in_Java, id=103488, stack(0x000000002aab0000,0x000000002abb0000)]
  0x000000001ce27800 JavaThread "pool-10-thread-4" [_thread_blocked, id=137336, stack(0x00000000250b0000,0x00000000251b0000)]
  0x000000001ce23000 JavaThread "pool-10-thread-3" [_thread_blocked, id=98240, stack(0x0000000024fb0000,0x00000000250b0000)]
  0x000000001ce22000 JavaThread "pool-10-thread-2" [_thread_blocked, id=121820, stack(0x0000000024eb0000,0x0000000024fb0000)]
  0x000000001ce26000 JavaThread "pool-10-thread-1" [_thread_in_Java, id=104708, stack(0x0000000024db0000,0x0000000024eb0000)]
  0x000000001ce1a800 JavaThread "pool-6-thread-4" [_thread_in_native, id=74440, stack(0x0000000024cb0000,0x0000000024db0000)]
  0x000000001ce21800 JavaThread "pool-6-thread-3" [_thread_in_native, id=118196, stack(0x0000000024bb0000,0x0000000024cb0000)]
  0x000000001ce1e800 JavaThread "pool-6-thread-2" [_thread_blocked, id=125220, stack(0x0000000024ab0000,0x0000000024bb0000)]
  0x000000001ce20800 JavaThread "pool-6-thread-1" [_thread_blocked, id=102956, stack(0x00000000242b0000,0x00000000243b0000)]
  0x000000001ce1a000 JavaThread "Cache update executor" [_thread_blocked, id=93880, stack(0x00000000241b0000,0x00000000242b0000)]
  0x000000001ce20000 JavaThread "Stdin handler" [_thread_blocked, id=98524, stack(0x00000000240b0000,0x00000000241b0000)]
  0x000000001ce1d000 JavaThread "Asynchronous log dispatcher for DefaultDaemonConnection: socket connection from /127.0.0.1:63717 to /127.0.0.1:63829" [_thread_blocked, id=75224, stack(0x0000000023fb0000,0x00000000240b0000)]
  0x000000001ce1d800 JavaThread "Daemon worker Thread 2" [_thread_blocked, id=136976, stack(0x0000000023eb0000,0x0000000023fb0000)]
  0x000000001ce19000 JavaThread "Cancel handler" [_thread_blocked, id=103268, stack(0x0000000023db0000,0x0000000023eb0000)]
  0x000000001ce1c000 JavaThread "Handler for socket connection from /127.0.0.1:63717 to /127.0.0.1:63829" [_thread_in_native, id=163064, stack(0x0000000023cb0000,0x0000000023db0000)]
  0x000000001ce1f000 JavaThread "Daemon Thread 2" [_thread_blocked, id=83868, stack(0x0000000023bb0000,0x0000000023cb0000)]
  0x000000001a2a8800 JavaThread "File lock request listener" [_thread_in_native, id=18416, stack(0x000000001c260000,0x000000001c360000)]
  0x0000000019913000 JavaThread "pool-1-thread-1" [_thread_blocked, id=158544, stack(0x000000001bb60000,0x000000001bc60000)]
  0x000000001951d800 JavaThread "Incoming local TCP Connector on port 63717" [_thread_in_native, id=123384, stack(0x000000001b560000,0x000000001b660000)]
  0x00000000182a8800 JavaThread "Service Thread" daemon [_thread_blocked, id=156412, stack(0x0000000018680000,0x0000000018780000)]
  0x0000000016939800 JavaThread "C1 CompilerThread2" daemon [_thread_blocked, id=134384, stack(0x0000000018180000,0x0000000018280000)]
=>0x000000001692f800 JavaThread "C2 CompilerThread1" daemon [_thread_in_native, id=129136, stack(0x0000000018080000,0x0000000018180000)]
  0x000000001692c000 JavaThread "C2 CompilerThread0" daemon [_thread_in_native, id=10412, stack(0x0000000017f80000,0x0000000018080000)]
  0x000000001692b000 JavaThread "Attach Listener" daemon [_thread_blocked, id=137068, stack(0x0000000017e80000,0x0000000017f80000)]
  0x0000000016927800 JavaThread "Signal Dispatcher" daemon [_thread_blocked, id=123112, stack(0x0000000017d80000,0x0000000017e80000)]
  0x0000000002fbb800 JavaThread "Finalizer" daemon [_thread_blocked, id=68988, stack(0x0000000017b80000,0x0000000017c80000)]
  0x0000000002fb0800 JavaThread "Reference Handler" daemon [_thread_blocked, id=93684, stack(0x0000000017a80000,0x0000000017b80000)]
  0x000000000145d800 JavaThread "main" [_thread_blocked, id=138244, stack(0x0000000002cc0000,0x0000000002dc0000)]

Other Threads:
  0x00000000168f6000 VMThread [stack: 0x0000000017980000,0x0000000017a80000] [id=131392]
  0x000000001698d000 WatcherThread [stack: 0x0000000018780000,0x0000000018880000] [id=116032]

VM state:not at safepoint (normal execution)

VM Mutex/Monitor currently owned by a thread: None

Heap:
 PSYoungGen      total 281600K, used 277122K [0x00000000e0000000, 0x00000000f7380000, 0x0000000100000000)
  eden space 250880K, 98% used [0x00000000e0000000,0x00000000ef0a1990,0x00000000ef500000)
  from space 30720K, 99% used [0x00000000f1e80000,0x00000000f3c7eef8,0x00000000f3c80000)
  to   space 42496K, 0% used [0x00000000ef500000,0x00000000ef500000,0x00000000f1e80000)
 ParOldGen       total 156672K, used 69574K [0x00000000a0000000, 0x00000000a9900000, 0x00000000e0000000)
  object space 156672K, 44% used [0x00000000a0000000,0x00000000a43f1b98,0x00000000a9900000)
 Metaspace       used 72419K, capacity 75368K, committed 75520K, reserved 1114112K
  class space    used 9331K, capacity 9959K, committed 9984K, reserved 1048576K

Card table byte_map: [0x0000000012380000,0x0000000012690000] byte_map_base: 0x0000000011e80000

Marking Bits: (ParMarkBitMap*) 0x0000000052b118f0
 Begin Bits: [0x0000000012c90000, 0x0000000014490000)
 End Bits:   [0x0000000014490000, 0x0000000015c90000)

Polling page: 0x0000000001210000

CodeCache: size=245760Kb used=41866Kb max_used=41879Kb free=203893Kb
 bounds [0x0000000002fc0000, 0x00000000058e0000, 0x0000000011fc0000]
 total_blobs=12606 nmethods=11810 adapters=708
 compilation: enabled

Compilation events (10 events):
Event: 215.142 Thread 0x0000000016939800 14587       3       com.android.dx.ssa.SsaRenamer::<init> (100 bytes)
Event: 215.143 Thread 0x0000000016939800 nmethod 14587 0x00000000058cfdd0 code [0x00000000058cffc0, 0x00000000058d0b28]
Event: 215.171 Thread 0x000000001692c000 nmethod 14572 0x00000000058d5310 code [0x00000000058d55c0, 0x00000000058d6c48]
Event: 215.172 Thread 0x000000001692c000 14586       4       com.android.dx.ssa.SsaMethod::getCountReachableBlocks (44 bytes)
Event: 215.182 Thread 0x000000001692c000 nmethod 14586 0x00000000058c7750 code [0x00000000058c78a0, 0x00000000058c7c58]
Event: 215.182 Thread 0x000000001692c000 14575       4       com.android.dx.ssa.SCCP::<init> (142 bytes)
Event: 215.203 Thread 0x000000001692c000 nmethod 14575 0x00000000058d0fd0 code [0x00000000058d1180, 0x00000000058d1a18]
Event: 215.203 Thread 0x000000001692c000 14582       4       com.android.dx.ssa.SsaConverter::edgeSplitPredecessors (44 bytes)
Event: 215.227 Thread 0x000000001692c000 nmethod 14582 0x00000000058d8990 code [0x00000000058d8b60, 0x00000000058d92c0]
Event: 215.227 Thread 0x000000001692c000 14589   !   4       com.android.dx.cf.cst.ConstantPoolParser::parse0 (731 bytes)

GC Heap History (10 events):
Event: 156.934 GC heap before
{Heap before GC invocations=15 (full 3):
 PSYoungGen      total 194560K, used 169984K [0x00000000e0000000, 0x00000000f0580000, 0x0000000100000000)
  eden space 169984K, 100% used [0x00000000e0000000,0x00000000ea600000,0x00000000ea600000)
  from space 24576K, 0% used [0x00000000ea600000,0x00000000ea600000,0x00000000ebe00000)
  to   space 26624K, 0% used [0x00000000eeb80000,0x00000000eeb80000,0x00000000f0580000)
 ParOldGen       total 156672K, used 43055K [0x00000000a0000000, 0x00000000a9900000, 0x00000000e0000000)
  object space 156672K, 27% used [0x00000000a0000000,0x00000000a2a0bef0,0x00000000a9900000)
 Metaspace       used 61521K, capacity 64152K, committed 64384K, reserved 1105920K
  class space    used 8210K, capacity 8731K, committed 8832K, reserved 1048576K
Event: 156.952 GC heap after
Heap after GC invocations=15 (full 3):
 PSYoungGen      total 210432K, used 10324K [0x00000000e0000000, 0x00000000ef600000, 0x0000000100000000)
  eden space 199680K, 0% used [0x00000000e0000000,0x00000000e0000000,0x00000000ec300000)
  from space 10752K, 96% used [0x00000000eeb80000,0x00000000ef595108,0x00000000ef600000)
  to   space 25600K, 0% used [0x00000000ec400000,0x00000000ec400000,0x00000000edd00000)
 ParOldGen       total 156672K, used 43063K [0x00000000a0000000, 0x00000000a9900000, 0x00000000e0000000)
  object space 156672K, 27% used [0x00000000a0000000,0x00000000a2a0def0,0x00000000a9900000)
 Metaspace       used 61521K, capacity 64152K, committed 64384K, reserved 1105920K
  class space    used 8210K, capacity 8731K, committed 8832K, reserved 1048576K
}
Event: 193.543 GC heap before
{Heap before GC invocations=16 (full 3):
 PSYoungGen      total 210432K, used 210004K [0x00000000e0000000, 0x00000000ef600000, 0x0000000100000000)
  eden space 199680K, 100% used [0x00000000e0000000,0x00000000ec300000,0x00000000ec300000)
  from space 10752K, 96% used [0x00000000eeb80000,0x00000000ef595108,0x00000000ef600000)
  to   space 25600K, 0% used [0x00000000ec400000,0x00000000ec400000,0x00000000edd00000)
 ParOldGen       total 156672K, used 43063K [0x00000000a0000000, 0x00000000a9900000, 0x00000000e0000000)
  object space 156672K, 27% used [0x00000000a0000000,0x00000000a2a0def0,0x00000000a9900000)
 Metaspace       used 67144K, capacity 69882K, committed 70144K, reserved 1110016K
  class space    used 8844K, capacity 9416K, committed 9472K, reserved 1048576K
Event: 193.580 GC heap after
Heap after GC invocations=16 (full 3):
 PSYoungGen      total 226304K, used 15979K [0x00000000e0000000, 0x00000000f1180000, 0x0000000100000000)
  eden space 200704K, 0% used [0x00000000e0000000,0x00000000e0000000,0x00000000ec400000)
  from space 25600K, 62% used [0x00000000ec400000,0x00000000ed39ac70,0x00000000edd00000)
  to   space 25600K, 0% used [0x00000000ef880000,0x00000000ef880000,0x00000000f1180000)
 ParOldGen       total 156672K, used 43079K [0x00000000a0000000, 0x00000000a9900000, 0x00000000e0000000)
  object space 156672K, 27% used [0x00000000a0000000,0x00000000a2a11ef0,0x00000000a9900000)
 Metaspace       used 67144K, capacity 69882K, committed 70144K, reserved 1110016K
  class space    used 8844K, capacity 9416K, committed 9472K, reserved 1048576K
}
Event: 199.025 GC heap before
{Heap before GC invocations=17 (full 3):
 PSYoungGen      total 226304K, used 216100K [0x00000000e0000000, 0x00000000f1180000, 0x0000000100000000)
  eden space 200704K, 99% used [0x00000000e0000000,0x00000000ec36e3c8,0x00000000ec400000)
  from space 25600K, 62% used [0x00000000ec400000,0x00000000ed39ac70,0x00000000edd00000)
  to   space 25600K, 0% used [0x00000000ef880000,0x00000000ef880000,0x00000000f1180000)
 ParOldGen       total 156672K, used 43079K [0x00000000a0000000, 0x00000000a9900000, 0x00000000e0000000)
  object space 156672K, 27% used [0x00000000a0000000,0x00000000a2a11ef0,0x00000000a9900000)
 Metaspace       used 68051K, capacity 70912K, committed 71040K, reserved 1110016K
  class space    used 8975K, capacity 9565K, committed 9600K, reserved 1048576K
Event: 199.056 GC heap after
Heap after GC invocations=17 (full 3):
 PSYoungGen      total 254464K, used 14403K [0x00000000e0000000, 0x00000000f1100000, 0x0000000100000000)
  eden space 229376K, 0% used [0x00000000e0000000,0x00000000e0000000,0x00000000ee000000)
  from space 25088K, 57% used [0x00000000ef880000,0x00000000f0690c28,0x00000000f1100000)
  to   space 25088K, 0% used [0x00000000ee000000,0x00000000ee000000,0x00000000ef880000)
 ParOldGen       total 156672K, used 43087K [0x00000000a0000000, 0x00000000a9900000, 0x00000000e0000000)
  object space 156672K, 27% used [0x00000000a0000000,0x00000000a2a13ef0,0x00000000a9900000)
 Metaspace       used 68051K, capacity 70912K, committed 71040K, reserved 1110016K
  class space    used 8975K, capacity 9565K, committed 9600K, reserved 1048576K
}
Event: 208.443 GC heap before
{Heap before GC invocations=18 (full 3):
 PSYoungGen      total 254464K, used 243779K [0x00000000e0000000, 0x00000000f1100000, 0x0000000100000000)
  eden space 229376K, 100% used [0x00000000e0000000,0x00000000ee000000,0x00000000ee000000)
  from space 25088K, 57% used [0x00000000ef880000,0x00000000f0690c28,0x00000000f1100000)
  to   space 25088K, 0% used [0x00000000ee000000,0x00000000ee000000,0x00000000ef880000)
 ParOldGen       total 156672K, used 43087K [0x00000000a0000000, 0x00000000a9900000, 0x00000000e0000000)
  object space 156672K, 27% used [0x00000000a0000000,0x00000000a2a13ef0,0x00000000a9900000)
 Metaspace       used 71933K, capacity 74818K, committed 75008K, reserved 1114112K
  class space    used 9319K, capacity 9926K, committed 9984K, reserved 1048576K
Event: 208.504 GC heap after
Heap after GC invocations=18 (full 3):
 PSYoungGen      total 254464K, used 25071K [0x00000000e0000000, 0x00000000f3c80000, 0x0000000100000000)
  eden space 229376K, 0% used [0x00000000e0000000,0x00000000e0000000,0x00000000ee000000)
  from space 25088K, 99% used [0x00000000ee000000,0x00000000ef87be28,0x00000000ef880000)
  to   space 30720K, 0% used [0x00000000f1e80000,0x00000000f1e80000,0x00000000f3c80000)
 ParOldGen       total 156672K, used 49655K [0x00000000a0000000, 0x00000000a9900000, 0x00000000e0000000)
  object space 156672K, 31% used [0x00000000a0000000,0x00000000a307de68,0x00000000a9900000)
 Metaspace       used 71933K, capacity 74818K, committed 75008K, reserved 1114112K
  class space    used 9319K, capacity 9926K, committed 9984K, reserved 1048576K
}
Event: 210.704 GC heap before
{Heap before GC invocations=19 (full 3):
 PSYoungGen      total 254464K, used 254447K [0x00000000e0000000, 0x00000000f3c80000, 0x0000000100000000)
  eden space 229376K, 100% used [0x00000000e0000000,0x00000000ee000000,0x00000000ee000000)
  from space 25088K, 99% used [0x00000000ee000000,0x00000000ef87be28,0x00000000ef880000)
  to   space 30720K, 0% used [0x00000000f1e80000,0x00000000f1e80000,0x00000000f3c80000)
 ParOldGen       total 156672K, used 49655K [0x00000000a0000000, 0x00000000a9900000, 0x00000000e0000000)
  object space 156672K, 31% used [0x00000000a0000000,0x00000000a307de68,0x00000000a9900000)
 Metaspace       used 72260K, capacity 75144K, committed 75264K, reserved 1114112K
  class space    used 9330K, capacity 9927K, committed 9984K, reserved 1048576K
Event: 210.828 GC heap after
Heap after GC invocations=19 (full 3):
 PSYoungGen      total 281600K, used 30715K [0x00000000e0000000, 0x00000000f7380000, 0x0000000100000000)
  eden space 250880K, 0% used [0x00000000e0000000,0x00000000e0000000,0x00000000ef500000)
  from space 30720K, 99% used [0x00000000f1e80000,0x00000000f3c7eef8,0x00000000f3c80000)
  to   space 42496K, 0% used [0x00000000ef500000,0x00000000ef500000,0x00000000f1e80000)
 ParOldGen       total 156672K, used 69574K [0x00000000a0000000, 0x00000000a9900000, 0x00000000e0000000)
  object space 156672K, 44% used [0x00000000a0000000,0x00000000a43f1b98,0x00000000a9900000)
 Metaspace       used 72260K, capacity 75144K, committed 75264K, reserved 1114112K
  class space    used 9330K, capacity 9927K, committed 9984K, reserved 1048576K
}

Deoptimization events (10 events):
Event: 211.946 Thread 0x0000000019c69800 Uncommon trap: reason=unstable_if action=reinterpret pc=0x00000000055838ac method=com.android.dx.dex.code.LocalList$MakeState.snapshot(ILcom/android/dx/rop/code/RegisterSpecSet;)V @ 86
Event: 212.960 Thread 0x0000000019c64000 Uncommon trap: reason=array_check action=maybe_recompile pc=0x0000000005786c64 method=java.util.ComparableTimSort.binarySort([Ljava/lang/Object;III)V @ 193
Event: 213.029 Thread 0x0000000019c67000 Uncommon trap: reason=unstable_if action=reinterpret pc=0x00000000054e9344 method=java.util.BitSet.nextClearBit(I)I @ 70
Event: 213.213 Thread 0x000000001832b800 Uncommon trap: reason=array_check action=maybe_recompile pc=0x0000000005786c64 method=java.util.ComparableTimSort.binarySort([Ljava/lang/Object;III)V @ 193
Event: 213.526 Thread 0x000000001ce21800 Uncommon trap: reason=array_check action=maybe_recompile pc=0x0000000005786c64 method=java.util.ComparableTimSort.binarySort([Ljava/lang/Object;III)V @ 193
Event: 213.527 Thread 0x000000001ce21800 Uncommon trap: reason=array_check action=maybe_recompile pc=0x0000000005786c64 method=java.util.ComparableTimSort.binarySort([Ljava/lang/Object;III)V @ 193
Event: 213.755 Thread 0x000000001ce26000 Uncommon trap: reason=unstable_if action=reinterpret pc=0x000000000548c300 method=com.android.dx.ssa.SsaMethod.getExitBlock()Lcom/android/dx/ssa/SsaBasicBlock; @ 4
Event: 213.755 Thread 0x000000001ce26000 Uncommon trap: reason=unstable_if action=reinterpret pc=0x00000000052c1d34 method=com.android.dx.ssa.SsaMethod.getExitBlock()Lcom/android/dx/ssa/SsaBasicBlock; @ 4
Event: 213.756 Thread 0x000000001ce26000 Uncommon trap: reason=unstable_if action=reinterpret pc=0x0000000005103904 method=com.android.dx.ssa.SsaMethod.getExitBlock()Lcom/android/dx/ssa/SsaBasicBlock; @ 4
Event: 214.643 Thread 0x000000001832e800 Uncommon trap: reason=class_check action=maybe_recompile pc=0x00000000058676b0 method=com.android.dx.ssa.back.FirstFitLocalCombiningAllocator.findNextUnreservedRopReg(IILcom/android/dx/ssa/back/FirstFitLocalCombiningAllocator$Alignment;)I @ 60

Internal exceptions (10 events):
Event: 199.175 Thread 0x000000001ce1d800 Exception <a 'java/io/FileNotFoundException'> (0x00000000e6289cd0) thrown at [C:\src\android\AOSP-openjdk\external\jetbrains\jdk\hotspot\src\share\vm\prims\jni.cpp, line 709]
Event: 205.755 Thread 0x0000000019c63800 Implicit null exception at 0x0000000005285362 to 0x000000000528545a
Event: 209.137 Thread 0x000000001ce1e800 Exception <a 'sun/nio/fs/WindowsException'> (0x00000000e0174980) thrown at [C:\src\android\AOSP-openjdk\external\jetbrains\jdk\hotspot\src\share\vm\prims\jni.cpp, line 709]
Event: 209.813 Thread 0x0000000018328000 Implicit null exception at 0x00000000054b29c4 to 0x00000000054b352d
Event: 209.830 Thread 0x0000000018328000 Implicit null exception at 0x00000000054be811 to 0x00000000054bf3e1
Event: 213.079 Thread 0x000000001ce21800 Exception <a 'sun/nio/fs/WindowsException'> (0x00000000e8379a18) thrown at [C:\src\android\AOSP-openjdk\external\jetbrains\jdk\hotspot\src\share\vm\prims\jni.cpp, line 709]
Event: 213.340 Thread 0x000000001ce20800 Exception <a 'sun/nio/fs/WindowsException'> (0x00000000e863be80) thrown at [C:\src\android\AOSP-openjdk\external\jetbrains\jdk\hotspot\src\share\vm\prims\jni.cpp, line 709]
Event: 213.358 Thread 0x000000001ce1e800 Exception <a 'sun/nio/fs/WindowsException'> (0x00000000e865d338) thrown at [C:\src\android\AOSP-openjdk\external\jetbrains\jdk\hotspot\src\share\vm\prims\jni.cpp, line 709]
Event: 213.604 Thread 0x000000001ce1a800 Exception <a 'sun/nio/fs/WindowsException'> (0x00000000e5989670) thrown at [C:\src\android\AOSP-openjdk\external\jetbrains\jdk\hotspot\src\share\vm\prims\jni.cpp, line 709]
Event: 213.859 Thread 0x000000001ce21800 Exception <a 'sun/nio/fs/WindowsException'> (0x00000000e8399b08) thrown at [C:\src\android\AOSP-openjdk\external\jetbrains\jdk\hotspot\src\share\vm\prims\jni.cpp, line 709]

Events (10 events):
Event: 215.016 Thread 0x0000000018328800 DEOPT PACKING pc=0x00000000056f5caf sp=0x000000002b3ae4c0
Event: 215.016 Thread 0x0000000018328800 DEOPT UNPACKING pc=0x00000000030075bf sp=0x000000002b3ae240 mode 0
Event: 215.106 Thread 0x000000001832c800 DEOPT PACKING pc=0x00000000055bc714 sp=0x000000002adae3f0
Event: 215.106 Thread 0x000000001832c800 DEOPT UNPACKING pc=0x00000000030075bf sp=0x000000002adae158 mode 0
Event: 215.131 Thread 0x000000001832f800 DEOPT PACKING pc=0x00000000056c5f25 sp=0x000000002b2ae810
Event: 215.131 Thread 0x000000001832f800 DEOPT UNPACKING pc=0x00000000030075bf sp=0x000000002b2ae5c0 mode 0
Event: 215.191 Thread 0x000000001832f800 DEOPT PACKING pc=0x00000000056f664d sp=0x000000002b2ae990
Event: 215.191 Thread 0x000000001832f800 DEOPT UNPACKING pc=0x00000000030075bf sp=0x000000002b2ae6e0 mode 0
Event: 215.197 Thread 0x000000001832f800 DEOPT PACKING pc=0x00000000056f4938 sp=0x000000002b2ae8b0
Event: 215.197 Thread 0x000000001832f800 DEOPT UNPACKING pc=0x00000000030075bf sp=0x000000002b2ae668 mode 0


Dynamic libraries:
0x00007ff6ed400000 - 0x00007ff6ed431000 	C:\Program Files\Android\Android Studio\jre\bin\java.exe
0x00007ff868fc0000 - 0x00007ff869181000 	C:\WINDOWS\SYSTEM32\ntdll.dll
0x00007ff8668b0000 - 0x00007ff86695d000 	C:\WINDOWS\system32\KERNEL32.DLL
0x00007ff865f60000 - 0x00007ff866148000 	C:\WINDOWS\system32\KERNELBASE.dll
0x00007ff866960000 - 0x00007ff866a07000 	C:\WINDOWS\system32\ADVAPI32.dll
0x00007ff8676b0000 - 0x00007ff86774d000 	C:\WINDOWS\system32\msvcrt.dll
0x00007ff866c90000 - 0x00007ff866ceb000 	C:\WINDOWS\system32\sechost.dll
0x00007ff867590000 - 0x00007ff8676ac000 	C:\WINDOWS\system32\RPCRT4.dll
0x00007ff8673d0000 - 0x00007ff867526000 	C:\WINDOWS\system32\USER32.dll
0x00007ff868e30000 - 0x00007ff868fb6000 	C:\WINDOWS\system32\GDI32.dll
0x00007ff858c80000 - 0x00007ff858ef4000 	C:\WINDOWS\WinSxS\amd64_microsoft.windows.common-controls_6595b64144ccf1df_6.0.10586.589_none_a2ddb3caa539acce\COMCTL32.dll
0x00007ff866a10000 - 0x00007ff866c8d000 	C:\WINDOWS\system32\combase.dll
0x00007ff866150000 - 0x00007ff8661ba000 	C:\WINDOWS\system32\bcryptPrimitives.dll
0x00007ff866cf0000 - 0x00007ff866d2b000 	C:\WINDOWS\system32\IMM32.DLL
0x0000000052190000 - 0x0000000052262000 	C:\Program Files\Android\Android Studio\jre\jre\bin\msvcr100.dll
0x0000000052350000 - 0x0000000052b8c000 	C:\Program Files\Android\Android Studio\jre\jre\bin\server\jvm.dll
0x00007ff866840000 - 0x00007ff866848000 	C:\WINDOWS\system32\PSAPI.DLL
0x00007ff85bfb0000 - 0x00007ff85bfb9000 	C:\WINDOWS\SYSTEM32\WSOCK32.dll
0x00007ff866d30000 - 0x00007ff866d9b000 	C:\WINDOWS\system32\WS2_32.dll
0x00007ff8633d0000 - 0x00007ff8633f3000 	C:\WINDOWS\SYSTEM32\WINMM.dll
0x00007ff863c70000 - 0x00007ff863c7a000 	C:\WINDOWS\SYSTEM32\VERSION.dll
0x00007ff863370000 - 0x00007ff86339c000 	C:\WINDOWS\SYSTEM32\WINMMBASE.dll
0x00007ff8662e0000 - 0x00007ff866323000 	C:\WINDOWS\system32\cfgmgr32.dll
0x00007ff862ec0000 - 0x00007ff862ecf000 	C:\Program Files\Android\Android Studio\jre\jre\bin\verify.dll
0x00007ff85dba0000 - 0x00007ff85dbc9000 	C:\Program Files\Android\Android Studio\jre\jre\bin\java.dll
0x00007ff85da50000 - 0x00007ff85da66000 	C:\Program Files\Android\Android Studio\jre\jre\bin\zip.dll
0x00007ff8678d0000 - 0x00007ff868e2c000 	C:\WINDOWS\system32\SHELL32.dll
0x00007ff865690000 - 0x00007ff865cd5000 	C:\WINDOWS\system32\windows.storage.dll
0x00007ff867530000 - 0x00007ff867582000 	C:\WINDOWS\system32\shlwapi.dll
0x00007ff865650000 - 0x00007ff86565f000 	C:\WINDOWS\system32\kernel.appcore.dll
0x00007ff866220000 - 0x00007ff8662d5000 	C:\WINDOWS\system32\shcore.dll
0x00007ff865600000 - 0x00007ff86564b000 	C:\WINDOWS\system32\powrprof.dll
0x00007ff8655e0000 - 0x00007ff8655f4000 	C:\WINDOWS\system32\profapi.dll
0x00007ff85c400000 - 0x00007ff85c41a000 	C:\Program Files\Android\Android Studio\jre\jre\bin\net.dll
0x00007ff864c00000 - 0x00007ff864c5c000 	C:\WINDOWS\system32\mswsock.dll
0x00007ff85c3c0000 - 0x00007ff85c3d1000 	C:\Program Files\Android\Android Studio\jre\jre\bin\nio.dll
0x00007ff85dbe0000 - 0x00007ff85dbfe000 	C:\Users\Maj\.gradle\native\23\windows-amd64\native-platform.dll
0x00007ff864cb0000 - 0x00007ff864cc7000 	C:\WINDOWS\SYSTEM32\CRYPTSP.dll
0x00007ff864940000 - 0x00007ff864974000 	C:\WINDOWS\system32\rsaenh.dll
0x00007ff865220000 - 0x00007ff865249000 	C:\WINDOWS\SYSTEM32\bcrypt.dll
0x00007ff864a90000 - 0x00007ff864aaf000 	C:\WINDOWS\SYSTEM32\USERENV.dll
0x00007ff864dd0000 - 0x00007ff864ddb000 	C:\WINDOWS\SYSTEM32\CRYPTBASE.dll
0x00007ff861f90000 - 0x00007ff861fc8000 	C:\WINDOWS\SYSTEM32\IPHLPAPI.DLL
0x00007ff866530000 - 0x00007ff866538000 	C:\WINDOWS\system32\NSI.dll
0x00007ff85cbb0000 - 0x00007ff85cbc6000 	C:\WINDOWS\SYSTEM32\dhcpcsvc6.DLL
0x00007ff863e50000 - 0x00007ff863e6a000 	C:\WINDOWS\SYSTEM32\dhcpcsvc.DLL
0x00007ff85f6f0000 - 0x00007ff85f6fd000 	C:\Program Files\Android\Android Studio\jre\jre\bin\management.dll
0x00007ff864820000 - 0x00007ff864851000 	C:\WINDOWS\SYSTEM32\ntmarta.dll
0x00007ff854410000 - 0x00007ff8544ac000 	C:\WINDOWS\SYSTEM32\efswrt.dll
0x00007ff866770000 - 0x00007ff866836000 	C:\WINDOWS\system32\OLEAUT32.dll
0x00007ff8602e0000 - 0x00007ff860416000 	C:\WINDOWS\SYSTEM32\wintypes.dll
0x00007ff854fe0000 - 0x00007ff855030000 	C:\WINDOWS\SYSTEM32\edputil.dll

VM Arguments:
jvm_args: -Xmx1536m -Dfile.encoding=windows-1250 -Duser.country=PL -Duser.language=pl -Duser.variant 
java_command: org.gradle.launcher.daemon.bootstrap.GradleDaemon 3.3
java_class_path (initial): C:\Users\Maj\.gradle\wrapper\dists\gradle-3.3-all\55gk2rcmfc6p2dg9u9ohc3hw9\gradle-3.3\lib\gradle-launcher-3.3.jar
Launcher Type: SUN_STANDARD

Environment Variables:
JAVA_HOME=C:\Program Files\Java\jdk1.8.0_60
PATH=C:\Program Files\apache-maven-3.3.9-bin\apache-maven-3.3.9\bin;E:\app\Maj\product\11.2.0\client_1;E:\app\Maj\product\11.2.0\client_1\bin;C:\oraclexe\app\oracle\product\11.2.0\server\bin;C:\oraclexe\app\oracle\product\11.2.0\server\oci\lib\MSVC\vc15\lib;C:\oraclexe\app\oracle\product\11.2.0\server\oci\lib\MSVC\vc10;C:\Users\Maj\Downloads\DBORACLE\instantclient11_2; C:\oraclexe\app\oracle\product\11.2.0\server\bin;C:\ProgramData\Oracle\Java\javapath;C:\Program Files (x86)\Intel\iCLS Client\;C:\Program Files\Intel\iCLS Client\;C:\WINDOWS\system32;C:\WINDOWS;C:\WINDOWS\System32\Wbem;C:\WINDOWS\System32\WindowsPowerShell\v1.0\;C:\Program Files\Intel\Intel(R) Management Engine Components\DAL;C:\Program Files (x86)\Intel\Intel(R) Management Engine Components\DAL;C:\Program Files\Intel\Intel(R) Management Engine Components\IPT;C:\Program Files (x86)\Intel\Intel(R) Management Engine Components\IPT;C:\Program Files\Microsoft SQL Server\120\Tools\Binn\;C:\Users\Maj\Desktop\ocilib-4.1.0-windows\ocilib\lib64;E:\Combit\Redistributable Files\;E:\Combit\Programmable Samples and Declarations\C++ Builder\CBuilder6\;E:\Combit\Programmable Samples and Declarations\C++ Builder\CBuilder5\;E:\Combit\Programmable Samples and Declarations\Delphi\;E:\Combit\Redistributable Files\x64\;C:\Program Files (x86)\GtkSharp\2.12\bin;C:\Program Files\Microsoft SQL Server\130\Tools\Binn\;C:\WINDOWS\system32\config\systemprofile\.dnx\bin;C:\Program Files\Microsoft DNX\Dnvm\;C:\Program Files (x86)\Windows Kits\8.1\Windows Performance Toolkit\;C:\Program Files (x86)\Skype\Phone\
USERNAME=Maj
OS=Windows_NT
PROCESSOR_IDENTIFIER=Intel64 Family 6 Model 60 Stepping 3, GenuineIntel



---------------  S Y S T E M  ---------------

OS: Windows 10.0 , 64 bit Build 10586 (10.0.10586.589)

CPU:total 4 (2 cores per cpu, 2 threads per core) family 6 model 60 stepping 3, cmov, cx8, fxsr, mmx, sse, sse2, sse3, ssse3, sse4.1, sse4.2, popcnt, avx, avx2, aes, clmul, erms, lzcnt, ht, tsc, tscinvbit, bmi1, bmi2

Memory: 4k page, physical 8298776k(824456k free), swap 11230848k(5056k free)

vm_info: OpenJDK 64-Bit Server VM (25.112-b06) for windows-amd64 JRE (1.8.0_112-release-b06), built on Dec  8 2016 00:54:26 by "builder" with MS VC++ 10.0 (VS2010)

time: Sun Apr 16 20:25:21 2017
elapsed time: 215 seconds (0d 0h 3m 35s)

